<?xml version="1.0" encoding="UTF-8"?>
<beans xmlns="http://www.springframework.org/schema/beans"
	xmlns:xsi="http://www.w3.org/2001/XMLSchema-instance" xmlns:p="http://www.springframework.org/schema/p"
	xmlns:aop="http://www.springframework.org/schema/aop" xmlns:context="http://www.springframework.org/schema/context"
	xmlns:jee="http://www.springframework.org/schema/jee" xmlns:tx="http://www.springframework.org/schema/tx"
	xmlns:task="http://www.springframework.org/schema/task"
	xmlns:jdbc="http://www.springframework.org/schema/jdbc"
	xsi:schemaLocation="http://www.springframework.org/schema/aop
	 					http://www.springframework.org/schema/aop/spring-aop-3.2.xsd
	 					http://www.springframework.org/schema/beans
	 					http://www.springframework.org/schema/beans/spring-beans-3.2.xsd
	 					http://www.springframework.org/schema/jdbc
	 					http://www.springframework.org/schema/jdbc/spring-jdbc.xsd
	 					http://www.springframework.org/schema/context
	 					http://www.springframework.org/schema/context/spring-context-3.2.xsd
	 					http://www.springframework.org/schema/jee
	 					http://www.springframework.org/schema/jee/spring-jee-3.2.xsd
	 					http://www.springframework.org/schema/tx
	 					http://www.springframework.org/schema/tx/spring-tx-3.2.xsd
	 					http://www.springframework.org/schema/task
	 					http://www.springframework.org/schema/task/spring-task-3.2.xsd">

	<context:component-scan base-package="net.charliemcallister" />
	
	<!-- JPA Config -->

	<tx:annotation-driven transaction-manager="transactionManager" />

	<bean class="org.springframework.orm.jpa.JpaTransactionManager"
		id="transactionManager">
		<property name="entityManagerFactory" ref="entityManagerFactory" />
	</bean>

	<bean id='entityManagerFactory'
		class='org.springframework.orm.jpa.LocalContainerEntityManagerFactoryBean' p:persistence-xml-location="classpath:persistence-test.xml">
		<property name="persistenceUnitName" value="flashCardPersistence" />
		<property name='dataSource' ref='dataSource' />
		<property name="packagesToScan" value="net.charliemcallister.flashcards.model.*" />		
<!-- 		<property name="jpaPropertyMap"> -->
<!-- 			<map> -->
<!-- 				<entry key="eclipselink.weaving" value="false" /> -->
<!-- 			</map> -->
<!-- 		</property> -->
	</bean>

	<jdbc:embedded-database id="dataSource" type="HSQL">
		<jdbc:script location="classpath:create-db.sql" />
		<jdbc:script location="classpath:create-data.sql" />
	</jdbc:embedded-database>

<!-- 	<bean class="net.charliemcallister.flashcards.dao.impl.FlashCardDaoJPAImpl"> -->
<!-- 		<property name="" -->
<!-- 	</bean> -->
</beans>